<?xml version="1.0" encoding="UTF-8"?>
<!-- Generated by org.testng.reporters.JUnitXMLReporter -->
<testsuite ignored="6" hostname="DESKTOP-6V4BN1U" failures="1" tests="1" name="Test" time="298.469" errors="0" timestamp="2023-06-27T17:18:43 IST">
  <testcase classname="com.koo.framework.BaseTest" name="@AfterMethod testResult" time="0.004">
    <failure type="java.lang.AssertionError" message="The following asserts failed:
	Exception occured in while validating Something went wrong in swipeUsingText. Text:Add Topics to your Feed. An element could not be located on the page using the given search parameters.
For documentation on this error, please visit: https://www.seleniumhq.org/exceptions/no_such_element.html
Build info: version: &amp;apos;3.141.59&amp;apos;, revision: &amp;apos;e82be7d358&amp;apos;, time: &amp;apos;2018-11-14T08:17:03&amp;apos;
System info: host: &amp;apos;DESKTOP-6V4BN1U&amp;apos;, ip: &amp;apos;192.168.29.81&amp;apos;, os.name: &amp;apos;Windows 11&amp;apos;, os.arch: &amp;apos;amd64&amp;apos;, os.version: &amp;apos;10.0&amp;apos;, java.version: &amp;apos;17.0.7&amp;apos;
Driver info: io.appium.java_client.android.AndroidDriver
Capabilities {app: C:\Users\Admin\git\KooApp/s..., appActivity: com.koo.onboarding.OnBoardi..., appPackage: com.koo.app, automationName: uiautomator2, databaseEnabled: false, desired: {app: C:\Users\Admin\git\KooApp/s..., appActivity: com.koo.onboarding.OnBoardi..., appPackage: com.koo.app, automationName: uiautomator2, noReset: false, orientation: PORTRAIT, platformName: android, platformVersion: 13, udid: emulator-5554}, deviceApiLevel: 33, deviceManufacturer: Google, deviceModel: sdk_gphone64_x86_64, deviceName: emulator-5554, deviceScreenDensity: 440, deviceScreenSize: 1080x2160, deviceUDID: emulator-5554, javascriptEnabled: true, locationContextEnabled: false, networkConnectionEnabled: true, noReset: false, orientation: PORTRAIT, pixelRatio: 2.75, platform: LINUX, platformName: Android, platformVersion: 13, statBarHeight: 66, takesScreenshot: true, udid: emulator-5554, viewportRect: {height: 2028, left: 0, top: 66, width: 1080}, warnings: {}, webStorageEnabled: false}
Session ID: 8515de73-6c87-4ad6-9708-fc045fd2fdb6
*** Element info: {Using=-android uiautomator, value=new UiScrollable(new UiSelector()).scrollIntoView(new UiSelector().text(&amp;quot;Add Topics to your Feed&amp;quot;))} expected [true] but found [false]">
      <![CDATA[java.lang.AssertionError: The following asserts failed:
Exception occured in while validating Something went wrong in swipeUsingText. Text:Add Topics to your Feed. An element could not be located on the page using the given search parameters.
For documentation on this error, please visit: https://www.seleniumhq.org/exceptions/no_such_element.html
Build info: version: '3.141.59', revision: 'e82be7d358', time: '2018-11-14T08:17:03'
System info: host: 'DESKTOP-6V4BN1U', ip: '192.168.29.81', os.name: 'Windows 11', os.arch: 'amd64', os.version: '10.0', java.version: '17.0.7'
Driver info: io.appium.java_client.android.AndroidDriver
Capabilities {app: C:\Users\Admin\git\KooApp/s..., appActivity: com.koo.onboarding.OnBoardi..., appPackage: com.koo.app, automationName: uiautomator2, databaseEnabled: false, desired: {app: C:\Users\Admin\git\KooApp/s..., appActivity: com.koo.onboarding.OnBoardi..., appPackage: com.koo.app, automationName: uiautomator2, noReset: false, orientation: PORTRAIT, platformName: android, platformVersion: 13, udid: emulator-5554}, deviceApiLevel: 33, deviceManufacturer: Google, deviceModel: sdk_gphone64_x86_64, deviceName: emulator-5554, deviceScreenDensity: 440, deviceScreenSize: 1080x2160, deviceUDID: emulator-5554, javascriptEnabled: true, locationContextEnabled: false, networkConnectionEnabled: true, noReset: false, orientation: PORTRAIT, pixelRatio: 2.75, platform: LINUX, platformName: Android, platformVersion: 13, statBarHeight: 66, takesScreenshot: true, udid: emulator-5554, viewportRect: {height: 2028, left: 0, top: 66, width: 1080}, warnings: {}, webStorageEnabled: false}
Session ID: 8515de73-6c87-4ad6-9708-fc045fd2fdb6
*** Element info: {Using=-android uiautomator, value=new UiScrollable(new UiSelector()).scrollIntoView(new UiSelector().text("Add Topics to your Feed"))} expected [true] but found [false]
at com.koo.framework.BaseTest.testResult(BaseTest.java:145)
at java.base/java.util.ArrayList.forEach(ArrayList.java:1511)
... Removed 34 stack frames]]>
    </failure>
  </testcase> <!-- @AfterMethod testResult -->
  <testcase classname="com.framework.android.testcases.topicsTests.TopicWidgetTest" name="TC_053_verifyTopicsWidgetInFeedPage" time="251.62">
    <failure type="java.lang.AssertionError" message="null">
      <![CDATA[java.lang.AssertionError: null
at com.koo.framework.AssertManager.sAssertException(AssertManager.java:168)
at com.koo.android.utils.MobileActions.swipeUsingText(MobileActions.java:469)
at com.framework.android.screens.topics.TopicsTab.topicsWidgetInFeedTab(TopicsTab.java:79)
at com.framework.android.testcases.topicsTests.TopicWidgetTest.TC_053_verifyTopicsWidgetInFeedPage(TopicWidgetTest.java:80)
at java.base/java.util.ArrayList.forEach(ArrayList.java:1511)
... Removed 29 stack frames]]>
    </failure>
  </testcase> <!-- TC_053_verifyTopicsWidgetInFeedPage -->
  <testcase classname="com.framework.android.testcases.topicsTests.TopicWidgetTest" name="TC_049_verifyTopicViewMorePage" time="0.0">
    <ignored/>
  </testcase> <!-- TC_049_verifyTopicViewMorePage -->
  <testcase classname="com.framework.android.testcases.topicsTests.TopicWidgetTest" name="verifyTopicWidgetPage" time="0.0">
    <ignored/>
  </testcase> <!-- verifyTopicWidgetPage -->
  <testcase classname="com.framework.android.testcases.topicsTests.TopicWidgetTest" name="verifyTopicWidget" time="0.0">
    <ignored/>
  </testcase> <!-- verifyTopicWidget -->
  <testcase classname="com.framework.android.testcases.topicsTests.TopicWidgetTest" name="TC_054_verifyManageTopicsPage" time="0.0">
    <ignored/>
  </testcase> <!-- TC_054_verifyManageTopicsPage -->
  <testcase classname="com.framework.android.testcases.topicsTests.TopicWidgetTest" name="TC_050_051_verifyTopicTabPage" time="0.0">
    <ignored/>
  </testcase> <!-- TC_050_051_verifyTopicTabPage -->
  <testcase classname="com.framework.android.testcases.topicsTests.TopicWidgetTest" name="verifyAllAndFollowTopics" time="0.0">
    <ignored/>
  </testcase> <!-- verifyAllAndFollowTopics -->
</testsuite> <!-- Test -->
